<?xml version="1.0" encoding="UTF-8" ?>
<testsuite tests="189" failures="0" name="SlittingEditorTest" time="0.032" errors="0" skipped="0">
  <properties>
[...]
</properties>
  <testcase classname="SlittingEditorTest" name="testWasteEdgeWidthCalc1" time="0.004"/>
  <testcase classname="SlittingEditorTest" name="testWasteEdgeWidthCalc2" time="0"/>
  <testcase classname="SlittingEditorTest" name="testWasteEdgeWidthCalc3" time="0"/>
  <testcase classname="SlittingEditorTest" name="testWasteEdgeWidthCalc4" time="0"/>
  <testcase classname="SlittingEditorTest" name="testWasteEdgeWidthCalc5" time="0"/>
  <testcase classname="SlittingEditorTest" name="testRemainsFromWidthCalc10" time="0"/>
  <testcase classname="SlittingEditorTest" name="testSumSumWidthCalc1" time="0"/>
  <testcase classname="SlittingEditorTest" name="testSumSumWidthCalc2" time="0"/>
  <testcase classname="SlittingEditorTest" name="testSumSumWidthCalc3" time="0"/>
  <testcase classname="SlittingEditorTest" name="testSumSumWidthCalc4" time="0"/>
  <testcase classname="SlittingEditorTest" name="testSumSumWidthCalc5" time="0"/>
  <testcase classname="SlittingEditorTest" name="testSumSumWidthCalc6" time="0"/>
  <testcase classname="SlittingEditorTest" name="testSumSumWidthCalc7" time="0"/>
  <testcase classname="SlittingEditorTest" name="testOneCoilWeightCalc1" time="0"/>
  <testcase classname="SlittingEditorTest" name="testOneCoilWeightCalc2" time="0"/>
  <testcase classname="SlittingEditorTest" name="testOneCoilWeightCalc3" time="0.001"/>
  <testcase classname="SlittingEditorTest" name="testOneCoilWeightCalc4" time="0"/>
  <testcase classname="SlittingEditorTest" name="testOneCoilWeightCalc5" time="0"/>
  <testcase classname="SlittingEditorTest" name="testOneCoilWeightCalc6" time="0"/>
  <testcase classname="SlittingEditorTest" name="testOneCoilWeightCalc7" time="0"/>
  <testcase classname="SlittingEditorTest" name="testOneCoilWeightCalc8" time="0"/>
  <testcase classname="SlittingEditorTest" name="testOneCoilWeightCalc9" time="0"/>
  <testcase classname="SlittingEditorTest" name="testHalfInnerDiameterCalc1" time="0"/>
  <testcase classname="SlittingEditorTest" name="testHalfInnerDiameterCalc2" time="0"/>
  <testcase classname="SlittingEditorTest" name="testCoilWithDrumRadCalc1" time="0.003"/>
  <testcase classname="SlittingEditorTest" name="testCoilWithDrumRadCalc2" time="0.001"/>
  <testcase classname="SlittingEditorTest" name="testCoilWithDrumRadCalc3" time="0"/>
  <testcase classname="SlittingEditorTest" name="testCoilWithDrumRadCalc4" time="0"/>
  <testcase classname="SlittingEditorTest" name="testCoilWithDrumRadCalc5" time="0"/>
  <testcase classname="SlittingEditorTest" name="testCoilWithDrumRadCalc6" time="0"/>
  <testcase classname="SlittingEditorTest" name="testSumSumPortionCalc1" time="0"/>
  <testcase classname="SlittingEditorTest" name="testSumSumPortionCalc2" time="0"/>
  <testcase classname="SlittingEditorTest" name="testSumSumPortionCalc3" time="0"/>
  <testcase classname="SlittingEditorTest" name="testSumSumPortionCalc4" time="0"/>
  <testcase classname="SlittingEditorTest" name="testSumSumPortionCalc5" time="0"/>
  <testcase classname="SlittingEditorTest" name="testSumSumPortionCalc6" time="0"/>
  <testcase classname="SlittingEditorTest" name="testSumSumPortionCalc7" time="0"/>
  <testcase classname="SlittingEditorTest" name="testDimensionPickCalc1" time="0"/>
  <testcase classname="SlittingEditorTest" name="testDimensionPickCalc2" time="0"/>
  <testcase classname="SlittingEditorTest" name="testDimensionPickCalc3" time="0.001"/>
  <testcase classname="SlittingEditorTest" name="testDimensionPickCalc4" time="0"/>
  <testcase classname="SlittingEditorTest" name="testDimensionPickCalc5" time="0.003"/>
  <testcase classname="SlittingEditorTest" name="testDimensionPickCalc6" time="0"/>
  <testcase classname="SlittingEditorTest" name="testDimensionPickCalc7" time="0.001"/>
  <testcase classname="SlittingEditorTest" name="testDimensionPickCalc8" time="0"/>
  <testcase classname="SlittingEditorTest" name="testDimensionPickCalc9" time="0"/>
  <testcase classname="SlittingEditorTest" name="testRewinderDrumWeightCalc1" time="0"/>
  <testcase classname="SlittingEditorTest" name="testRewinderDrumWeightCalc2" time="0"/>
  <testcase classname="SlittingEditorTest" name="testRewinderDrumWeightCalc3" time="0.001"/>
  <testcase classname="SlittingEditorTest" name="testRewinderDrumWeightCalc4" time="0"/>
  <testcase classname="SlittingEditorTest" name="testRewinderDrumWeightCalc5" time="0"/>
  <testcase classname="SlittingEditorTest" name="testRewinderDrumWeightCalc6" time="0"/>
  <testcase classname="SlittingEditorTest" name="testSumWasteCalc1" time="0"/>
  <testcase classname="SlittingEditorTest" name="testSumWasteCalc2" time="0.001"/>
  <testcase classname="SlittingEditorTest" name="testSumWasteCalc3" time="0"/>
  <testcase classname="SlittingEditorTest" name="testSumWasteCalc4" time="0"/>
  <testcase classname="SlittingEditorTest" name="testSumWasteCalc5" time="0"/>
  <testcase classname="SlittingEditorTest" name="testSumWasteCalc6" time="0"/>
  <testcase classname="SlittingEditorTest" name="testSumWasteCalc7" time="0"/>
  <testcase classname="SlittingEditorTest" name="testSumWasteCalc8" time="0.001"/>
  <testcase classname="SlittingEditorTest" name="testDimensionPickCalc10" time="0"/>
  <testcase classname="SlittingEditorTest" name="testDimensionPickCalc11" time="0"/>
  <testcase classname="SlittingEditorTest" name="testDimensionPickCalc12" time="0"/>
  <testcase classname="SlittingEditorTest" name="testDimensionPickCalc13" time="0"/>
  <testcase classname="SlittingEditorTest" name="testDimensionPickCalc14" time="0"/>
  <testcase classname="SlittingEditorTest" name="testDimensionPickCalc15" time="0.001"/>
  <testcase classname="SlittingEditorTest" name="testDimensionPickCalc16" time="0.001"/>
  <testcase classname="SlittingEditorTest" name="testDimensionPickCalc17" time="0"/>
  <testcase classname="SlittingEditorTest" name="testDimensionPickCalc18" time="0"/>
  <testcase classname="SlittingEditorTest" name="testDimensionSumWidthCalc1" time="0.001"/>
  <testcase classname="SlittingEditorTest" name="testDimensionSumWidthCalc2" time="0.001"/>
  <testcase classname="SlittingEditorTest" name="testDimensionSumWidthCalc3" time="0"/>
  <testcase classname="SlittingEditorTest" name="testDimensionSumWidthCalc4" time="0"/>
  <testcase classname="SlittingEditorTest" name="testDimensionSumWidthCalc5" time="0"/>
  <testcase classname="SlittingEditorTest" name="testDimensionSumWidthCalc6" time="0"/>
  <testcase classname="SlittingEditorTest" name="testDimensionSumWidthCalc7" time="0"/>
  <testcase classname="SlittingEditorTest" name="testDimensionSumWidthCalc8" time="0"/>
  <testcase classname="SlittingEditorTest" name="testOuterDiameterCalc1" time="0"/>
  <testcase classname="SlittingEditorTest" name="testOuterDiameterCalc2" time="0"/>
  <testcase classname="SlittingEditorTest" name="testOuterDiameterCalc3" time="0"/>
  <testcase classname="SlittingEditorTest" name="testOuterDiameterCalc4" time="0"/>
  <testcase classname="SlittingEditorTest" name="testCoilNetPlusDrumWeightCalc1" time="0"/>
  <testcase classname="SlittingEditorTest" name="testCoilNetPlusDrumWeightCalc2" time="0"/>
  <testcase classname="SlittingEditorTest" name="testCoilNetPlusDrumWeightCalc3" time="0"/>
  <testcase classname="SlittingEditorTest" name="testCoilNetPlusDrumWeightCalc4" time="0"/>
  <testcase classname="SlittingEditorTest" name="testCoilNetPlusDrumWeightCalc5" time="0"/>
  <testcase classname="SlittingEditorTest" name="testCoilNetPlusDrumWeightCalc6" time="0"/>
  <testcase classname="SlittingEditorTest" name="testSumQtyCalc1" time="0.001"/>
  <testcase classname="SlittingEditorTest" name="testSumQtyCalc2" time="0"/>
  <testcase classname="SlittingEditorTest" name="testSumQtyCalc3" time="0"/>
  <testcase classname="SlittingEditorTest" name="testSumQtyCalc4" time="0"/>
  <testcase classname="SlittingEditorTest" name="testSumQtyCalc5" time="0"/>
  <testcase classname="SlittingEditorTest" name="testSumQtyCalc6" time="0"/>
  <testcase classname="SlittingEditorTest" name="testSumQtyCalc7" time="0"/>
  <testcase classname="SlittingEditorTest" name="testOneMmBatchCalc1" time="0"/>
  <testcase classname="SlittingEditorTest" name="testOneMmBatchCalc2" time="0"/>
  <testcase classname="SlittingEditorTest" name="testOneMmBatchCalc3" time="0"/>
  <testcase classname="SlittingEditorTest" name="testOneMmBatchCalc4" time="0"/>
  <testcase classname="SlittingEditorTest" name="testOneMmBatchCalc5" time="0"/>
  <testcase classname="SlittingEditorTest" name="testOneMmBatchCalc6" time="0"/>
  <testcase classname="SlittingEditorTest" name="testOneMmBatchCalc7" time="0"/>
  <testcase classname="SlittingEditorTest" name="testOneMmBatchCalc8" time="0"/>
  <testcase classname="SlittingEditorTest" name="testOneMmBatchCalc9" time="0"/>
  <testcase classname="SlittingEditorTest" name="testDimensionSumProportionCalc10" time="0"/>
  <testcase classname="SlittingEditorTest" name="testDimensionSumProportionCalc11" time="0.001"/>
  <testcase classname="SlittingEditorTest" name="testDimensionSumProportionCalc12" time="0"/>
  <testcase classname="SlittingEditorTest" name="testDimensionSumProportionCalc13" time="0"/>
  <testcase classname="SlittingEditorTest" name="testDimensionSumProportionCalc14" time="0"/>
  <testcase classname="SlittingEditorTest" name="testDimensionSumProportionCalc15" time="0"/>
  <testcase classname="SlittingEditorTest" name="testDimensionSumProportionCalc16" time="0"/>
  <testcase classname="SlittingEditorTest" name="testDimensionSumProportionCalc17" time="0.001"/>
  <testcase classname="SlittingEditorTest" name="testOneMmCoilCalc1" time="0"/>
  <testcase classname="SlittingEditorTest" name="testOneMmCoilCalc2" time="0"/>
  <testcase classname="SlittingEditorTest" name="testOneMmCoilCalc3" time="0"/>
  <testcase classname="SlittingEditorTest" name="testOneMmCoilCalc4" time="0"/>
  <testcase classname="SlittingEditorTest" name="testOneMmCoilCalc5" time="0"/>
  <testcase classname="SlittingEditorTest" name="testOneMmCoilCalc6" time="0.001"/>
  <testcase classname="SlittingEditorTest" name="testOneMmCoilCalc7" time="0"/>
  <testcase classname="SlittingEditorTest" name="testOneMmCoilCalc8" time="0"/>
  <testcase classname="SlittingEditorTest" name="testOneMmCoilCalc9" time="0"/>
  <testcase classname="SlittingEditorTest" name="testRemainsFromWidthCalc1" time="0"/>
  <testcase classname="SlittingEditorTest" name="testRemainsFromWidthCalc2" time="0"/>
  <testcase classname="SlittingEditorTest" name="testRemainsFromWidthCalc3" time="0"/>
  <testcase classname="SlittingEditorTest" name="testRemainsFromWidthCalc4" time="0"/>
  <testcase classname="SlittingEditorTest" name="testRemainsFromWidthCalc5" time="0"/>
  <testcase classname="SlittingEditorTest" name="testRemainsFromWidthCalc6" time="0"/>
  <testcase classname="SlittingEditorTest" name="testRemainsFromWidthCalc7" time="0"/>
  <testcase classname="SlittingEditorTest" name="testRemainsFromWidthCalc8" time="0"/>
  <testcase classname="SlittingEditorTest" name="testRemainsFromWidthCalc9" time="0"/>
  <testcase classname="SlittingEditorTest" name="testDimensionSumWeightCalc10" time="0"/>
  <testcase classname="SlittingEditorTest" name="testDimensionSumWeightCalc11" time="0"/>
  <testcase classname="SlittingEditorTest" name="testDimensionSumWeightCalc12" time="0"/>
  <testcase classname="SlittingEditorTest" name="testDimensionSumWeightCalc14" time="0"/>
  <testcase classname="SlittingEditorTest" name="testOneCoilNetWeightCalc1" time="0"/>
  <testcase classname="SlittingEditorTest" name="testOneCoilNetWeightCalc2" time="0"/>
  <testcase classname="SlittingEditorTest" name="testOneCoilNetWeightCalc3" time="0"/>
  <testcase classname="SlittingEditorTest" name="testOneCoilNetWeightCalc4" time="0"/>
  <testcase classname="SlittingEditorTest" name="testOneCoilNetWeightCalc5" time="0"/>
  <testcase classname="SlittingEditorTest" name="testOneCoilNetWeightCalc6" time="0"/>
  <testcase classname="SlittingEditorTest" name="testDimensionSumProportionCalc1" time="0"/>
  <testcase classname="SlittingEditorTest" name="testDimensionSumProportionCalc2" time="0"/>
  <testcase classname="SlittingEditorTest" name="testDimensionSumProportionCalc3" time="0"/>
  <testcase classname="SlittingEditorTest" name="testDimensionSumProportionCalc4" time="0"/>
  <testcase classname="SlittingEditorTest" name="testDimensionSumProportionCalc5" time="0"/>
  <testcase classname="SlittingEditorTest" name="testDimensionSumProportionCalc6" time="0"/>
  <testcase classname="SlittingEditorTest" name="testDimensionSumProportionCalc7" time="0"/>
  <testcase classname="SlittingEditorTest" name="testDimensionSumProportionCalc8" time="0"/>
  <testcase classname="SlittingEditorTest" name="testDimensionSumProportionCalc9" time="0"/>
  <testcase classname="SlittingEditorTest" name="testSetTitle1" time="0"/>
  <testcase classname="SlittingEditorTest" name="testSetTitle2" time="0"/>
  <testcase classname="SlittingEditorTest" name="testSetTitle3" time="0"/>
  <testcase classname="SlittingEditorTest" name="testSetTitle4" time="0"/>
  <testcase classname="SlittingEditorTest" name="testSetTitle5" time="0.001"/>
  <testcase classname="SlittingEditorTest" name="testSetTitle6" time="0"/>
  <testcase classname="SlittingEditorTest" name="testNoCoilWidthSetup1" time="0"/>
  <testcase classname="SlittingEditorTest" name="testNoCoilWidthSetup2" time="0"/>
  <testcase classname="SlittingEditorTest" name="testNoCoilWidthSetup3" time="0"/>
  <testcase classname="SlittingEditorTest" name="testNoCoilWidthSetup4" time="0"/>
  <testcase classname="SlittingEditorTest" name="testNoCoilWidthSetup5" time="0"/>
  <testcase classname="SlittingEditorTest" name="testNoCoilWidthSetup6" time="0"/>
  <testcase classname="SlittingEditorTest" name="testDimensionResultDisplay1" time="0.002"/>
  <testcase classname="SlittingEditorTest" name="testDimensionResultDisplay2" time="0"/>
  <testcase classname="SlittingEditorTest" name="testDimensionResultDisplay3" time="0.001"/>
  <testcase classname="SlittingEditorTest" name="testDimensionResultDisplay4" time="0.002"/>
  <testcase classname="SlittingEditorTest" name="testDimensionResultDisplay5" time="0"/>
  <testcase classname="SlittingEditorTest" name="testDimensionResultDisplay6" time="0"/>
  <testcase classname="SlittingEditorTest" name="testSumSumWeightCalc1" time="0"/>
  <testcase classname="SlittingEditorTest" name="testSumSumWeightCalc2" time="0"/>
  <testcase classname="SlittingEditorTest" name="testSumSumWeightCalc3" time="0"/>
  <testcase classname="SlittingEditorTest" name="testSumSumWeightCalc4" time="0"/>
  <testcase classname="SlittingEditorTest" name="testSumSumWeightCalc5" time="0"/>
  <testcase classname="SlittingEditorTest" name="testSumSumWeightCalc6" time="0"/>
  <testcase classname="SlittingEditorTest" name="testSumSumWeightCalc7" time="0"/>
  <testcase classname="SlittingEditorTest" name="testDimensionSumWeightCalc1" time="0"/>
  <testcase classname="SlittingEditorTest" name="testDimensionSumWeightCalc2" time="0"/>
  <testcase classname="SlittingEditorTest" name="testDimensionSumWeightCalc3" time="0.001"/>
  <testcase classname="SlittingEditorTest" name="testDimensionSumWeightCalc4" time="0"/>
  <testcase classname="SlittingEditorTest" name="testDimensionSumWeightCalc5" time="0"/>
  <testcase classname="SlittingEditorTest" name="testDimensionSumWeightCalc6" time="0"/>
  <testcase classname="SlittingEditorTest" name="testDimensionSumWeightCalc7" time="0"/>
  <testcase classname="SlittingEditorTest" name="testDimensionSumWeightCalc8" time="0"/>
  <testcase classname="SlittingEditorTest" name="testDimensionSumWeightCalc9" time="0"/>
  <testcase classname="SlittingEditorTest" name="testBodyThicknessCalc1" time="0"/>
  <testcase classname="SlittingEditorTest" name="testBodyThicknessCalc2" time="0"/>
  <testcase classname="SlittingEditorTest" name="testBodyThicknessCalc3" time="0"/>
  <testcase classname="SlittingEditorTest" name="testBodyThicknessCalc4" time="0"/>
  <testcase classname="SlittingEditorTest" name="testBodyThicknessCalc5" time="0"/>
  <testcase classname="SlittingEditorTest" name="testBodyThicknessCalc6" time="0"/>
  <testcase classname="SlittingEditorTest" name="testBodyThicknessCalc7" time="0"/>
</testsuite>